<?xml version="1.0" encoding="UTF-8"?>
<testsuite xmlns:xsi="http://www.w3.org/2001/XMLSchema-instance" xsi:noNamespaceSchemaLocation="https://maven.apache.org/surefire/maven-surefire-plugin/xsd/surefire-test-report-3.0.xsd" version="3.0" name="com.hotel.util.DatabaseConnectionTest" time="0.018" tests="3" errors="0" skipped="0" failures="0">
  <properties>
    <property name="java.specification.version" value="21"/>
    <property name="sun.cpu.isalist" value="amd64"/>
    <property name="sun.jnu.encoding" value="UTF-8"/>
    <property name="java.class.path" value="D:\JAVA\newhomework1\target\test-classes;D:\JAVA\newhomework1\target\classes;C:\Users\lenovo\.m2\repository\javax\servlet\javax.servlet-api\4.0.1\javax.servlet-api-4.0.1.jar;C:\Users\lenovo\.m2\repository\javax\servlet\jsp\javax.servlet.jsp-api\2.3.3\javax.servlet.jsp-api-2.3.3.jar;C:\Users\lenovo\.m2\repository\javax\servlet\jstl\1.2\jstl-1.2.jar;C:\Users\lenovo\.m2\repository\com\mysql\mysql-connector-j\8.0.33\mysql-connector-j-8.0.33.jar;C:\Users\lenovo\.m2\repository\com\google\protobuf\protobuf-java\3.21.9\protobuf-java-3.21.9.jar;C:\Users\lenovo\.m2\repository\com\alibaba\druid\1.2.18\druid-1.2.18.jar;C:\Users\lenovo\.m2\repository\org\apache\logging\log4j\log4j-core\2.20.0\log4j-core-2.20.0.jar;C:\Users\lenovo\.m2\repository\org\apache\logging\log4j\log4j-api\2.20.0\log4j-api-2.20.0.jar;C:\Users\lenovo\.m2\repository\junit\junit\4.13.2\junit-4.13.2.jar;C:\Users\lenovo\.m2\repository\org\hamcrest\hamcrest-core\1.3\hamcrest-core-1.3.jar;C:\Users\lenovo\.m2\repository\org\apache\commons\commons-lang3\3.12.0\commons-lang3-3.12.0.jar;C:\Users\lenovo\.m2\repository\com\fasterxml\jackson\core\jackson-databind\2.15.2\jackson-databind-2.15.2.jar;C:\Users\lenovo\.m2\repository\com\fasterxml\jackson\core\jackson-annotations\2.15.2\jackson-annotations-2.15.2.jar;C:\Users\lenovo\.m2\repository\com\fasterxml\jackson\core\jackson-core\2.15.2\jackson-core-2.15.2.jar;"/>
    <property name="java.vm.vendor" value="Oracle Corporation"/>
    <property name="sun.arch.data.model" value="64"/>
    <property name="user.variant" value=""/>
    <property name="java.vendor.url" value="https://java.oracle.com/"/>
    <property name="user.timezone" value="Asia/Shanghai"/>
    <property name="os.name" value="Windows 11"/>
    <property name="java.vm.specification.version" value="21"/>
    <property name="sun.java.launcher" value="SUN_STANDARD"/>
    <property name="user.country" value="CN"/>
    <property name="sun.boot.library.path" value="D:\JAVA\jdk-21.0.8\bin"/>
    <property name="sun.java.command" value="C:\Users\lenovo\AppData\Local\Temp\surefire16249585273655627316\surefirebooter-20251012173124780_3.jar C:\Users\lenovo\AppData\Local\Temp\surefire16249585273655627316 2025-10-12T17-31-24_657-jvmRun1 surefire-20251012173124780_1tmp surefire_0-20251012173124780_2tmp"/>
    <property name="jdk.debug" value="release"/>
    <property name="surefire.test.class.path" value="D:\JAVA\newhomework1\target\test-classes;D:\JAVA\newhomework1\target\classes;C:\Users\lenovo\.m2\repository\javax\servlet\javax.servlet-api\4.0.1\javax.servlet-api-4.0.1.jar;C:\Users\lenovo\.m2\repository\javax\servlet\jsp\javax.servlet.jsp-api\2.3.3\javax.servlet.jsp-api-2.3.3.jar;C:\Users\lenovo\.m2\repository\javax\servlet\jstl\1.2\jstl-1.2.jar;C:\Users\lenovo\.m2\repository\com\mysql\mysql-connector-j\8.0.33\mysql-connector-j-8.0.33.jar;C:\Users\lenovo\.m2\repository\com\google\protobuf\protobuf-java\3.21.9\protobuf-java-3.21.9.jar;C:\Users\lenovo\.m2\repository\com\alibaba\druid\1.2.18\druid-1.2.18.jar;C:\Users\lenovo\.m2\repository\org\apache\logging\log4j\log4j-core\2.20.0\log4j-core-2.20.0.jar;C:\Users\lenovo\.m2\repository\org\apache\logging\log4j\log4j-api\2.20.0\log4j-api-2.20.0.jar;C:\Users\lenovo\.m2\repository\junit\junit\4.13.2\junit-4.13.2.jar;C:\Users\lenovo\.m2\repository\org\hamcrest\hamcrest-core\1.3\hamcrest-core-1.3.jar;C:\Users\lenovo\.m2\repository\org\apache\commons\commons-lang3\3.12.0\commons-lang3-3.12.0.jar;C:\Users\lenovo\.m2\repository\com\fasterxml\jackson\core\jackson-databind\2.15.2\jackson-databind-2.15.2.jar;C:\Users\lenovo\.m2\repository\com\fasterxml\jackson\core\jackson-annotations\2.15.2\jackson-annotations-2.15.2.jar;C:\Users\lenovo\.m2\repository\com\fasterxml\jackson\core\jackson-core\2.15.2\jackson-core-2.15.2.jar;"/>
    <property name="sun.cpu.endian" value="little"/>
    <property name="user.home" value="C:\Users\lenovo"/>
    <property name="user.language" value="zh"/>
    <property name="java.specification.vendor" value="Oracle Corporation"/>
    <property name="java.version.date" value="2025-07-15"/>
    <property name="java.home" value="D:\JAVA\jdk-21.0.8"/>
    <property name="file.separator" value="\"/>
    <property name="basedir" value="D:\JAVA\newhomework1"/>
    <property name="java.vm.compressedOopsMode" value="Zero based"/>
    <property name="line.separator" value="&#10;"/>
    <property name="java.vm.specification.vendor" value="Oracle Corporation"/>
    <property name="java.specification.name" value="Java Platform API Specification"/>
    <property name="surefire.real.class.path" value="C:\Users\lenovo\AppData\Local\Temp\surefire16249585273655627316\surefirebooter-20251012173124780_3.jar"/>
    <property name="user.script" value=""/>
    <property name="sun.management.compiler" value="HotSpot 64-Bit Tiered Compilers"/>
    <property name="java.runtime.version" value="21.0.8+12-LTS-250"/>
    <property name="user.name" value="lenovo"/>
    <property name="stdout.encoding" value="UTF-8"/>
    <property name="path.separator" value=";"/>
    <property name="os.version" value="10.0"/>
    <property name="java.runtime.name" value="Java(TM) SE Runtime Environment"/>
    <property name="file.encoding" value="UTF-8"/>
    <property name="java.vm.name" value="Java HotSpot(TM) 64-Bit Server VM"/>
    <property name="localRepository" value="C:\Users\lenovo\.m2\repository"/>
    <property name="java.vendor.url.bug" value="https://bugreport.java.com/bugreport/"/>
    <property name="java.io.tmpdir" value="C:\Users\lenovo\AppData\Local\Temp\"/>
    <property name="java.version" value="21.0.8"/>
    <property name="user.dir" value="D:\JAVA\newhomework1"/>
    <property name="os.arch" value="amd64"/>
    <property name="java.vm.specification.name" value="Java Virtual Machine Specification"/>
    <property name="sun.os.patch.level" value=""/>
    <property name="native.encoding" value="UTF-8"/>
    <property name="java.library.path" value="D:\JAVA\jdk-21.0.8\bin;C:\WINDOWS\Sun\Java\bin;C:\WINDOWS\system32;C:\WINDOWS;D:\JAVA\jdk-21.0.8\bin;C:\Program Files\Python39\Scripts\;D:\JAVA\apache-maven-3.9.11\bin;C:\Program Files\Python39\;D:\vmwaree\bin\;D:\JAVA\apache-maven-3.9.11\bin;D:\JAVA\jdk-21.0.8\jre\bin;D:\JAVA\mysql-9.4.0-winx64\bin;C:\Users\lenovo\.cargo\bin;D:\Rust\util\mingw64\bin;C:\Python313\Scripts\;C:\Python313\;C:\Program Files\NVIDIA GPU Computing Toolkit\CUDA\v12.6\bin;C:\Program Files\NVIDIA GPU Computing Toolkit\CUDA\v12.6\libnvvp;C:\Program Files\Common Files\Oracle\Java\javapath;D:\qq.2;D:\qq.2\QQ.exe;C:\Program Files\Microsoft\jdk-11.0.16.101-hotspot\bin;C:\Windows\system32;C:\Windows;C:\Windows\System32\Wbem;C:\Windows\System32\WindowsPowerShell\v1.0\;C:\Windows\System32\OpenSSH\;C:\Program Files (x86)\NVIDIA Corporation\PhysX\Common;C:\Program Files\Microsoft SQL Server\150\Tools\Binn\;C:\WINDOWS\system32;C:\WINDOWS;C:\WINDOWS\System32\Wbem;C:\WINDOWS\System32\WindowsPowerShell\v1.0\;C:\WINDOWS\System32\OpenSSH\;D:\matlab\matlab2019a\runtime\win64;D:\matlab\matlab2019a\bin;D:\matlab\matlab2019a\polyspace\bin;C:\Program Files\dotnet\;D:\Windows Kits\10\Windows Performance Toolkit\;D:\matlab\runtime\win64;D:\matlab\bin;D:\微信开发者工具\微信web开发者工具\dll;C:\Program Fi;es\NVIDIA Corporation\Nsight Compute 2024.3.2\;C:\Program Files\NVIDIA Corporation\NVIDIA app\NvDLISR;D:\mingw\llvm-mingw-20241217-msvcrt-x86_64\bin;C:\ProgramData\chocolatey\bin;D:\nodejs\;C:\Program Files\Git\cmd;D:\google download\ffmpeg-7.1.1-full_build\ffmpeg-7.1.1-full_build\bin;D:\佟雨泽\大二下\ROS\xshell\;D:\conda;D:\conda\Scripts;D:\conda\Library\bin;D:\conda\Library\usr\bin;C:\Program Files\Docker\Docker\resources\bin;d:\cursor\resources\app\bin;C:\Users\lenovo\AppData\Local\Muse Hub\lib;C:\WINDOWS\system32;C:\WINDOWS;C:\WINDOWS\System32\Wbem;C:\WINDOWS\System32\WindowsPowerShell\v1.0\;C:\WINDOWS\System32\OpenSSH\;C:\Users\lenovo\AppData\Local\Programs\Python\Python312\Scripts\;C:\Users\lenovo\AppData\Local\Programs\Python\Python312\;C:\Users\lenovo\AppData\Local\Programs\Python\Launcher\;C:\Users\lenovo\.cargo\bin;C:\Users\lenovo\AppData\Local\Microsoft\WindowsApps;D:\vscode\Microsoft VS Code\bin;D:\pycharm\PyCharm Community Edition 2024.1.1\bin;C:\Users\lenovo\AppData\Roaming\Programs\Zero Install;C:\Users\lenovo\AppData\Local\Microsoft\WindowsApps;C:\Users\lenovo\AppData\Local\Programs\Ollama;D:\clion\CLion 2024.3.2\bin;;C:\Users\lenovo\AppData\Roaming\npm;C:\Users\lenovo\AppData\Local\GitHubDesktop\bin;D:\google download\ffmpeg-7.1.1-full_build\ffmpeg-7.1.1-full_build\bin;C:\Users\lenovo\AppData\Local\Muse Hub\lib;D:\cursor\resources\app\bin;D:\Qoder\bin;D:\RustRover\RustRover 2025.2.2\bin;c:\Users\lenovo\AppData\Roaming\Qoder\User\globalStorage\github.copilot-chat\debugCommand;."/>
    <property name="java.vm.info" value="mixed mode, sharing"/>
    <property name="stderr.encoding" value="UTF-8"/>
    <property name="java.vendor" value="Oracle Corporation"/>
    <property name="java.vm.version" value="21.0.8+12-LTS-250"/>
    <property name="sun.io.unicode.encoding" value="UnicodeLittle"/>
    <property name="java.class.version" value="65.0"/>
  </properties>
  <testcase name="testDatabaseConnection" classname="com.hotel.util.DatabaseConnectionTest" time="0.003">
    <system-out><![CDATA[=== 测试数据库连接 ===
连接池初始化成功
17:31:26.401 [main] DEBUG com.hotel.util.ConnectionPool - Database connection obtained
获取数据库连接成功
连接有效性测试: 成功
查询测试成功，结果: 1
数据库连接测试完成
]]></system-out>
  </testcase>
  <testcase name="testRoomOperations" classname="com.hotel.util.DatabaseConnectionTest" time="0.006">
    <system-out><![CDATA[=== 测试房间表操作 ===
17:31:26.404 [main] DEBUG com.hotel.util.ConnectionPool - Database connection obtained
1. 查询房间类型:
  - 标准单人间 (¥188.00/晚)
  - 标准双人间 (¥268.00/晚)
  - 豪华套房 (¥588.00/晚)
  - 总统套房 (¥1288.00/晚)
  - 超级豪华总统套房 (¥100000.00/晚)

2. 查询所有房间:
  - 房间1001 (超级豪华总统套房, MAINTENANCE)
  - 房间101 (标准单人间, CLEANING)
  - 房间102 (标准单人间, CLEANING)
  - 房间103 (标准单人间, AVAILABLE)
  - 房间111 (标准双人间, CLEANING)
  - 房间112 (标准双人间, AVAILABLE)
  - 房间113 (标准双人间, AVAILABLE)
  - 房间201 (标准单人间, CLEANING)
  - 房间202 (标准单人间, OCCUPIED)
  - 房间203 (标准单人间, CLEANING)
  - 房间211 (标准双人间, AVAILABLE)
  - 房间212 (标准双人间, AVAILABLE)
  - 房间213 (标准双人间, OCCUPIED)
  - 房间301 (豪华套房, CLEANING)
  - 房间302 (豪华套房, CLEANING)
  - 房间303 (豪华套房, MAINTENANCE)
  - 房间401 (总统套房, OCCUPIED)
  - 房间402 (总统套房, CLEANING)
  - 房间504 (超级豪华总统套房, CLEANING)
  - 房间505 (标准双人间, AVAILABLE)

3. 查询所有预订:
  - 预订#20 马鸣 房间101 (2025-10-12 至 2025-10-13) CHECKED_OUT
  - 预订#19 徐安然 房间504 (2025-10-12 至 2025-10-13) CHECKED_OUT
  - 预订#16 YuzeTong 房间111 (2025-10-01 至 2025-10-04) CHECKED_OUT
  - 预订#15 YuzeTong 房间402 (2025-09-26 至 2025-09-30) CHECKED_OUT
  - 预订#14 YuzeTong 房间301 (2025-09-26 至 2025-09-28) CHECKED_OUT
  - 预订#12 YuzeTong 房间302 (2025-09-26 至 2025-09-28) CHECKED_OUT
  - 预订#8 王大明 房间203 (2025-09-26 至 2025-09-28) CHECKED_OUT
  - 预订#7 YuzeTong 房间111 (2025-09-26 至 2025-09-28) CHECKED_OUT
  - 预订#6 YuzeTong 房间201 (2025-09-26 至 2025-09-28) CHECKED_OUT
  - 预订#1 王大明 房间102 (2025-09-26 至 2025-09-28) CHECKED_OUT
  - 预订#2 李小芳 房间213 (2025-09-25 至 2025-09-27) CHECKED_IN
  - 预订#4 赵四 房间401 (2025-10-01 至 2025-10-03) CHECKED_IN
]]></system-out>
  </testcase>
  <testcase name="testUserTableOperations" classname="com.hotel.util.DatabaseConnectionTest" time="0.008">
    <system-out><![CDATA[=== 测试用户表操作 ===
1. 查询所有用户:
17:31:26.410 [main] DEBUG com.hotel.util.ConnectionPool - Database connection obtained
用户总数: 5
  - 帅哥 (佟雨泽)
  - 佟雨泽 (佟雨泽)
  - admin (系统管理员)
  - staff001 (张小明)
  - staff002 (李小红)

2. 根据用户名查询:
17:31:26.412 [main] DEBUG com.hotel.util.ConnectionPool - Database connection obtained
找到管理员: 系统管理员

3. 测试用户认证:
17:31:26.414 [main] DEBUG com.hotel.util.ConnectionPool - Database connection obtained
用户认证成功: 系统管理员

4. 测试插入新用户:
17:31:26.416 [main] DEBUG com.hotel.util.ConnectionPool - Database connection obtained
17:31:26.422 [main] INFO  com.hotel.dao.impl.UserDAOImpl - User inserted successfully with ID: 13
插入用户成功，ID: 13

5. 测试更新用户:
17:31:26.422 [main] DEBUG com.hotel.util.ConnectionPool - Database connection obtained
17:31:26.424 [main] DEBUG com.hotel.util.ConnectionPool - Database connection obtained
17:31:26.428 [main] INFO  com.hotel.dao.impl.UserDAOImpl - User updated successfully with ID: 13
更新结果: 成功

6. 测试删除用户:
17:31:26.429 [main] DEBUG com.hotel.util.ConnectionPool - Database connection obtained
17:31:26.435 [main] INFO  com.hotel.dao.impl.UserDAOImpl - User deleted successfully with ID: 13
删除结果: 成功
]]></system-out>
  </testcase>
</testsuite>